admin - group : admin - login at : Wednesday, 14 Sep 2011 - 10:30 
admin - group : admin - login at : Wednesday, 14 Sep 2011 - 10:33 
admin - group : admin - login at : Wednesday, 14 Sep 2011 - 10:36 
admin - group : admin - login at : Wednesday, 14 Sep 2011 - 10:57 
admin - group : admin - login at : Thursday, 15 Sep 2011 - 09:51 
admin - group : admin - login at : Friday, 16 Sep 2011 - 09:15 
admin - group : admin - login at : Friday, 16 Sep 2011 - 09:26 
admin - group : admin - login at : Saturday, 17 Sep 2011 - 01:31 
admin - group : admin - login at : Saturday, 17 Sep 2011 - 01:55 
admin - group : admin - login at : Monday, 19 Sep 2011 - 09:29 
admin - group : admin - login at : Tuesday, 20 Sep 2011 - 09:38 
admin - group : admin - login at : Wednesday, 21 Sep 2011 - 08:36 
admin - group : admin - login at : Thursday, 22 Sep 2011 - 07:34 
admin - group : admin - login at : Thursday, 22 Sep 2011 - 11:17 
admin - group : admin - login at : Thursday, 22 Sep 2011 - 11:17 
admin - group : admin - login at : Wednesday, 12 Oct 2011 - 04:36 
admin - group : admin - login at : Thursday, 20 Oct 2011 - 08:18 
admin - group : admin - login at : Saturday, 29 Oct 2011 - 05:08 
admin - group : admin - login at : Monday, 07 Nov 2011 - 09:06 
admin - group : admin - login at : Monday, 07 Nov 2011 - 09:42 
admin - group : admin - login at : Thursday, 10 Nov 2011 - 09:27 
 - group : admin - login at : Thursday, 10 Nov 2011 - 09:36 
 - group : admin - login at : Thursday, 10 Nov 2011 - 09:40 
 - group : admin - login at : Thursday, 10 Nov 2011 - 10:41 
 - group : admin - login at : Thursday, 10 Nov 2011 - 11:17 
 - group : superadmin - login at : Thursday, 10 Nov 2011 - 11:18 
 - group : business - login at : Thursday, 10 Nov 2011 - 11:19 
 - group : superadmin - login at : Friday, 11 Nov 2011 - 09:09 
 - group :  - login at : Saturday, 12 Nov 2011 - 12:01 
 - group :  - login at : Saturday, 12 Nov 2011 - 12:01 
 - group :  - login at : Saturday, 12 Nov 2011 - 12:03 
 - group : superadmin - login at : Saturday, 12 Nov 2011 - 12:03 
 - group :  - login at : Saturday, 12 Nov 2011 - 12:07 
 - group :  - login at : Saturday, 12 Nov 2011 - 12:07 
 - group :  - login at : Saturday, 12 Nov 2011 - 12:08 
admin - group : superadmin - login at : Saturday, 12 Nov 2011 - 12:10 
business - group : business - login at : Saturday, 12 Nov 2011 - 12:11 
admin - group : superadmin - login at : Saturday, 12 Nov 2011 - 12:11 
business - group : business - login at : Saturday, 12 Nov 2011 - 12:27 
admin - group : superadmin - login at : Saturday, 12 Nov 2011 - 12:33 
business - group : business - login at : Saturday, 12 Nov 2011 - 12:41 
admin - group : superadmin - login at : Saturday, 12 Nov 2011 - 12:41 
admin - group : superadmin - login at : Saturday, 12 Nov 2011 - 03:36 
admin - group : superadmin - login at : Saturday, 12 Nov 2011 - 04:41 
business - group : business - login at : Saturday, 12 Nov 2011 - 04:48 
business - group : business - login at : Saturday, 12 Nov 2011 - 04:49 
admin - group : superadmin - login at : Saturday, 12 Nov 2011 - 04:50 
business - group : business - login at : Saturday, 12 Nov 2011 - 04:51 
admin - group : superadmin - login at : Saturday, 12 Nov 2011 - 05:08 
business - group : business - login at : Saturday, 12 Nov 2011 - 05:46 
business - group : business - login at : Saturday, 12 Nov 2011 - 05:48 
admin - group : superadmin - login at : Saturday, 12 Nov 2011 - 05:48 
business - group : business - login at : Saturday, 12 Nov 2011 - 05:49 
admin - group : superadmin - login at : Saturday, 12 Nov 2011 - 05:53 
admin - group : superadmin - login at : Monday, 14 Nov 2011 - 08:32 
admin - group : superadmin - login at : Friday, 18 Nov 2011 - 09:40 
admin - group : superadmin - login at : Saturday, 19 Nov 2011 - 04:36 
admin - group : superadmin - login at : Saturday, 19 Nov 2011 - 05:47 
admin - group : superadmin - login at : Saturday, 19 Nov 2011 - 11:41 
admin - group : superadmin - login at : Tuesday, 22 Nov 2011 - 09:07 
admin - group : superadmin - login at : Wednesday, 23 Nov 2011 - 08:33 
admin - group : superadmin - login at : Thursday, 24 Nov 2011 - 08:38 
admin - group : superadmin - login at : Thursday, 24 Nov 2011 - 08:42 
admin - group : superadmin - login at : Thursday, 24 Nov 2011 - 08:59 
admin - group : superadmin - login at : Thursday, 24 Nov 2011 - 09:41 
admin - group : superadmin - login at : Friday, 25 Nov 2011 - 09:44 
admin - group : superadmin - login at : Friday, 25 Nov 2011 - 09:48 
admin - group : superadmin - login at : Saturday, 26 Nov 2011 - 03:03 
admin - group : superadmin - login at : Sunday, 27 Nov 2011 - 10:01 
admin - group : superadmin - login at : Wednesday, 30 Nov 2011 - 08:29 
admin - group : superadmin - login at : Friday, 02 Dec 2011 - 08:45 
admin - group : superadmin - login at : Saturday, 03 Dec 2011 - 03:27 
admin - group : superadmin - login at : Saturday, 03 Dec 2011 - 08:30 
admin - group : superadmin - login at : Monday, 05 Dec 2011 - 07:45 
admin - group : superadmin - login at : Tuesday, 06 Dec 2011 - 09:06 
admin - group : superadmin - login at : Wednesday, 07 Dec 2011 - 09:07 
admin - group : superadmin - login at : Wednesday, 07 Dec 2011 - 09:11 
admin - group : superadmin - login at : Wednesday, 07 Dec 2011 - 09:11 
admin - group : superadmin - login at : Monday, 19 Dec 2011 - 09:05 
admin - group : superadmin - login at : Monday, 19 Dec 2011 - 09:23 
admin - group : superadmin - login at : Tuesday, 20 Dec 2011 - 08:09 
admin - group : superadmin - login at : Tuesday, 20 Dec 2011 - 08:27 
admin - group : superadmin - login at : Wednesday, 21 Dec 2011 - 09:01 
admin - group : superadmin - login at : Wednesday, 21 Dec 2011 - 09:26 
admin - group : superadmin - login at : Wednesday, 21 Dec 2011 - 10:52 
admin - group : superadmin - login at : Saturday, 24 Dec 2011 - 02:03 
admin - group : superadmin - login at : Saturday, 24 Dec 2011 - 02:04 
admin - group : superadmin - login at : Saturday, 24 Dec 2011 - 02:08 
admin - group : superadmin - login at : Saturday, 24 Dec 2011 - 03:06 
business - group : business - login at : Saturday, 24 Dec 2011 - 04:12 
admin - group : superadmin - login at : Sunday, 25 Dec 2011 - 08:20 
admin - group : superadmin - login at : Tuesday, 28 Feb 2012 - 10:23 
admin - group : superadmin - login at : Saturday, 03 Mar 2012 - 09:21 
admin - group : superadmin - login at : Thursday, 08 Mar 2012 - 09:00 
admin - group : superadmin - login at : Friday, 09 Mar 2012 - 10:51 
admin - group : superadmin - login at : Sunday, 11 Mar 2012 - 05:33 
